# center x,y,z (Mpc/h), volume (normalized), radius (Mpc/h), redshift, volume (Mpc/h^3), void ID, density contrast
-8079.79 10544.29 3858.10 1.52 5.17 0.04614 579.61 19381 4.379304
-6812.29 11262.17 3938.34 1.42 5.05 0.04583 540.40 17842 3.941263
-1956.94 -8887.97 6057.53 0.98 4.47 0.03647 373.09 8575 3.750770
-4043.64 -1391.32 7689.66 1.90 5.57 0.02935 722.48 7803 3.218293
-6598.65 2268.27 11841.07 1.36 4.97 0.04585 515.71 5345 3.088059
-6956.43 4328.56 10849.34 2.00 5.66 0.04535 759.67 10930 2.954380
-11903.82 -3630.08 217.52 1.19 4.76 0.04152 450.87 390 2.252464
-1865.76 -3395.37 4258.82 0.55 3.68 0.01920 208.27 7705 2.217185
-5733.71 -4948.14 8263.43 0.73 4.05 0.03739 279.06 13721 2.108337
-7883.34 -8527.53 8092.71 1.26 4.85 0.04722 478.79 14264 2.098195
-10418.43 -3988.32 39.97 0.89 4.33 0.03721 339.03 1925 1.962111
4953.00 1524.80 -63.28 0.60 3.80 0.01729 229.17 16564 1.922308
-1061.42 -464.12 229.28 0.85 4.25 0.00394 321.56 14303 1.915432
-4490.14 6530.39 7814.85 2.35 5.98 0.03713 895.27 1887 1.861116
-7591.01 -8063.71 7816.46 0.82 4.21 0.04522 312.03 14004 1.850128
-12653.88 -1823.66 852.19 2.20 5.84 0.04274 835.73 3119 1.843243
-4398.25 -6027.89 7635.71 1.05 4.57 0.03561 399.59 13130 1.821765
-6049.90 6042.31 941.29 1.10 4.64 0.02869 417.55 12618 1.818870
-7375.86 -7951.62 4310.64 0.85 4.27 0.03893 325.08 18785 1.757373
-10168.33 5531.09 4240.18 12.00 10.29 0.04112 4564.25 19729 1.754942
-8971.78 -4473.63 684.13 0.67 3.94 0.03352 255.62 7469 1.722919
-8598.35 -9982.95 1402.17 0.59 3.77 0.04420 224.11 14297 1.721453
-4499.44 8480.15 8413.67 2.33 5.96 0.04258 885.61 1855 1.661001
-9455.66 -4053.63 333.98 0.73 4.04 0.03433 276.38 393 1.547590
-6886.96 294.39 3289.57 7.04 8.61 0.02548 2676.40 19668 1.525106
-6942.66 11079.19 3501.77 0.58 3.75 0.04515 221.67 19358 1.512914
-10713.11 -5666.07 3148.31 0.57 3.73 0.04177 217.04 15294 1.507466
-6881.76 -1642.76 220.88 1.20 4.77 0.02361 455.46 3179 1.496890
-6106.31 -1577.61 7622.58 0.69 3.97 0.03300 262.40 11366 1.479447
-7553.04 -850.00 -58.21 0.48 3.51 0.02535 180.65 605 1.478976
-3122.01 2745.68 6472.04 0.61 3.82 0.02566 233.73 1911 1.471258
-5922.82 4635.49 10439.60 1.43 5.06 0.04292 542.08 5295 1.470009
-4556.85 -6266.73 2279.82 3.68 6.94 0.02694 1400.05 20082 1.455345
-5072.23 -3615.25 4973.02 0.53 3.64 0.02659 202.84 14991 1.454391
-8429.77 5509.67 7796.31 2.10 5.75 0.04248 797.13 12656 1.447068
-5903.31 -5121.04 5893.15 0.48 3.51 0.03265 181.82 15031 1.444903
-7219.41 9216.44 7604.92 1.45 5.09 0.04657 552.31 17737 1.433968
-6432.37 10997.31 3987.74 0.54 3.66 0.04453 205.34 19247 1.432100
-8373.74 -6069.99 8159.87 1.08 4.61 0.04394 410.42 13977 1.429939
-6385.06 -4994.24 6124.78 1.08 4.61 0.03389 411.68 14000 1.425921
-2767.87 -9743.79 4640.06 0.63 3.85 0.03716 238.27 15221 1.414700
-6924.74 -9426.48 4941.20 0.56 3.71 0.04235 213.46 18523 1.404207
-10798.96 -8924.49 2834.46 0.72 4.03 0.04768 275.06 14067 1.386232
-4920.13 6299.44 11335.28 2.99 6.48 0.04627 1137.80 16067 1.378009
-3355.61 -6533.00 5066.52 0.62 3.84 0.02976 236.29 15204 1.360745
-2181.56 -7550.38 5149.26 0.95 4.42 0.03134 360.81 12228 1.359641
-8017.11 5541.65 8590.53 0.66 3.92 0.04334 251.46 12518 1.354776
-7329.55 9697.99 3938.08 2.32 5.95 0.04262 881.48 19384 1.336500
-8368.55 -511.52 4718.50 11.40 10.11 0.03209 4334.39 18344 1.308425
-4423.06 7625.92 8830.66 3.23 6.64 0.04162 1228.08 2548 1.299533
-6895.65 -1120.97 496.72 1.07 4.59 0.02336 405.78 7519 1.291039
-6645.39 5026.96 5206.21 2.66 6.23 0.03277 1011.01 12983 1.290999
-5618.68 3866.46 12238.96 0.93 4.38 0.04674 352.40 2685 1.290368
-3586.51 5905.78 6567.27 1.51 5.15 0.03180 573.35 5283 1.278000
-4470.24 -8488.30 2549.25 0.90 4.35 0.03311 344.00 18960 1.271932
-2933.10 -7872.02 6545.85 2.13 5.78 0.03552 810.84 12322 1.255813
-8151.27 6212.11 6624.71 3.49 6.82 0.04071 1326.06 13117 1.246907
-4450.44 7595.45 7976.14 2.58 6.17 0.03962 981.55 5781 1.242549
-9150.71 -7917.88 4695.93 1.23 4.81 0.04330 466.88 18908 1.233914
-5977.78 -7773.10 1155.95 0.98 4.46 0.03294 371.45 14363 1.225308
-8881.15 3085.66 8677.84 8.89 9.31 0.04268 3381.26 13469 1.218535
-6601.37 -4888.28 3655.91 1.30 4.91 0.02999 496.02 18729 1.210302
-8907.42 2839.41 1435.47 0.55 3.69 0.03155 210.22 11842 1.210271
-5324.82 5052.68 11833.35 1.12 4.67 0.04645 426.02 2412 1.207084
-10219.34 -8501.08 3849.31 1.25 4.84 0.04616 474.10 20209 1.205934
-4464.06 1671.42 5090.03 1.39 5.01 0.02326 526.71 11908 1.204543
-5170.32 8249.04 9440.75 1.64 5.30 0.04524 622.78 1878 1.195398
-7913.40 1298.26 4737.90 7.98 8.98 0.03107 3033.91 18099 1.175940
-4248.56 873.29 5765.76 3.49 6.81 0.02407 1325.73 10367 1.167346
-2663.75 3678.60 1631.00 1.35 4.97 0.01610 513.62 19241 1.164365
-4330.96 -9719.86 4521.62 1.14 4.69 0.03857 433.08 15529 1.164315
-4648.39 5754.46 3011.13 0.83 4.22 0.02664 315.12 17882 1.156641
-11146.56 2799.82 6907.98 2.35 5.98 0.04473 893.77 18486 1.153010
-3978.13 -3136.90 6132.14 0.51 3.60 0.02653 194.80 12074 1.152053
-5963.41 8998.42 3513.45 2.21 5.85 0.03787 840.01 19206 1.151960
-1582.59 -632.94 103.30 2.36 5.99 0.00570 898.39 986 1.149600
-4213.38 -3976.90 7575.60 0.68 3.94 0.03181 256.82 12143 1.144085
-2815.34 -6460.70 5165.57 0.54 3.66 0.02915 205.53 12201 1.139372
-4150.81 6177.51 8912.15 1.13 4.68 0.03873 429.50 2535 1.128739
-5968.49 -5069.50 10345.54 3.31 6.70 0.04328 1259.15 12142 1.121684
-7411.46 -6333.18 4621.16 1.02 4.52 0.03599 386.61 18415 1.120938
-4899.69 -6946.68 8331.00 1.38 5.00 0.03970 525.01 12212 1.115134
-6967.71 -4380.60 4123.38 1.14 4.69 0.03071 431.88 18637 1.113937
-5402.11 4320.95 4353.89 0.96 4.43 0.02726 364.30 13121 1.112980
-6715.86 -75.96 11430.08 0.54 3.67 0.04422 207.03 11640 1.093353
-11955.97 -4871.42 2365.56 1.19 4.77 0.04378 453.93 14359 1.082051
-4526.31 -10419.33 6091.84 6.09 8.21 0.04300 2315.37 15264 1.081554
-7011.66 10456.66 3518.82 1.51 5.16 0.04360 574.13 19483 1.080557
-6628.37 -8495.69 1052.95 0.94 4.41 0.03611 359.23 14672 1.074631
-6581.55 -4768.14 1435.53 0.67 3.93 0.02753 253.70 13689 1.073826
-5115.90 4652.22 8736.71 0.56 3.71 0.03717 213.73 5303 1.073508
-12882.45 -5445.10 -154.22 0.68 3.95 0.04665 258.31 174 1.065638
-7518.71 3972.27 10862.46 1.09 4.63 0.04602 416.18 10365 1.062839
-4038.54 -11161.73 5448.45 2.54 6.13 0.04357 964.33 13394 1.062538
-4313.70 2857.90 3909.37 0.67 3.93 0.02163 254.28 12742 1.060461
-8683.56 2605.32 2107.72 3.23 6.64 0.03105 1227.51 12873 1.050716
-2694.10 -7190.73 6023.19 1.74 5.41 0.03255 662.08 12267 1.045243
-6548.48 5085.92 2741.33 0.67 3.93 0.02913 254.29 19688 1.039593
-5789.61 1791.54 5483.47 3.26 6.66 0.02726 1238.41 13972 1.038607
-3620.50 -11795.23 5816.23 1.83 5.50 0.04550 696.43 15208 1.031851
-4831.84 -249.96 8548.39 1.00 4.50 0.03276 381.14 11896 1.028482
-9738.85 -707.37 9863.36 1.79 5.46 0.04630 681.84 13511 1.028011
-4661.48 6263.23 10403.29 0.95 4.42 0.04339 360.80 2550 1.027799
-9326.98 379.19 6038.70 28.38 13.71 0.03708 10791.20 18178 1.019821
-7003.02 6315.42 1346.27 1.00 4.49 0.03177 379.98 12782 1.018601
-8194.14 6281.96 7201.07 0.48 3.52 0.04199 183.44 12655 1.016123
-4582.16 2319.87 1478.92 0.57 3.72 0.01783 214.98 20538 1.013808
-4039.67 -6546.00 5381.10 0.49 3.54 0.03131 185.20 13418 1.010825
-10538.76 2610.02 7662.23 2.72 6.27 0.04433 1033.03 17570 1.009751
-3497.83 -12512.21 5713.03 0.49 3.55 0.04734 187.15 15156 1.009017
