# center x,y,z (Mpc/h), volume (normalized), radius (Mpc/h), redshift, volume (Mpc/h^3), void ID, density contrast
-8677.18 -6444.04 153.05 2.16 5.81 0.03606 819.91 701 7.526423
-8079.79 10544.29 3858.10 1.52 5.17 0.04614 579.61 19381 4.379304
-6331.78 -3508.41 83.92 0.88 4.31 0.02415 334.43 2565 4.248296
-4139.27 -9148.06 2680.23 0.51 3.60 0.03467 195.28 18820 3.965309
-6812.29 11262.17 3938.34 1.42 5.05 0.04583 540.40 17842 3.941263
-1956.94 -8887.97 6057.53 0.98 4.47 0.03647 373.09 8575 3.750770
-12098.96 4154.87 1165.93 0.88 4.30 0.04285 334.14 11452 3.454159
-4043.64 -1391.32 7689.66 1.90 5.57 0.02935 722.48 7803 3.218293
-6598.65 2268.27 11841.07 1.36 4.97 0.04585 515.71 5345 3.088059
-6956.43 4328.56 10849.34 2.00 5.66 0.04535 759.67 10930 2.954380
-3929.58 707.67 2740.84 73.45 18.82 0.01615 27932.07 17588 2.864101
-6293.93 -7131.15 3221.50 42.86 15.73 0.03350 16299.56 18800 2.755818
7297.15 -4098.44 1835.40 0.50 3.56 0.02858 188.86 9070 2.703061
-6985.86 3082.11 3993.85 97.86 20.71 0.02874 37215.26 19525 2.625940
-4329.04 -6790.39 9175.19 6.74 8.49 0.04072 2563.72 12254 2.488146
-3087.19 -7835.76 4715.34 7.05 8.62 0.03220 2680.82 12160 2.431507
-7247.82 7808.25 3800.26 0.85 4.27 0.03773 325.01 19656 2.417772
-10022.70 -6075.27 2361.49 4.00 7.13 0.03988 1520.51 13644 2.325328
-11903.82 -3630.08 217.52 1.19 4.76 0.04152 450.87 390 2.252464
-1865.76 -3395.37 4258.82 0.55 3.68 0.01920 208.27 7705 2.217185
-7322.42 -9048.97 2812.51 61.57 17.75 0.03995 23413.89 19813 2.171600
-4009.53 4452.37 8309.95 6.69 8.47 0.03417 2542.78 2442 2.129576
-5733.71 -4948.14 8263.43 0.73 4.05 0.03739 279.06 13721 2.108337
-7883.34 -8527.53 8092.71 1.26 4.85 0.04722 478.79 14264 2.098195
-5391.90 4704.00 11027.63 9.03 9.36 0.04385 3433.12 1893 2.066250
-7070.02 -4944.81 1159.03 0.58 3.76 0.02904 221.86 8923 2.059177
-10418.43 -3988.32 39.97 0.89 4.33 0.03721 339.03 1925 1.962111
-6084.04 -5400.44 306.33 0.48 3.51 0.02716 181.89 3097 1.951601
4953.00 1524.80 -63.28 0.60 3.80 0.01729 229.17 16564 1.922308
-8586.35 -9008.51 316.52 1.04 4.55 0.04153 395.48 8106 1.919658
-1061.42 -464.12 229.28 0.85 4.25 0.00394 321.56 14303 1.915432
-11710.08 -681.06 1097.48 8.79 9.27 0.03930 3341.31 6298 1.897938
-6289.28 -34.29 5083.03 50.58 16.62 0.02697 19233.50 17644 1.896309
-4490.14 6530.39 7814.85 2.35 5.98 0.03713 895.27 1887 1.861116
-7591.01 -8063.71 7816.46 0.82 4.21 0.04522 312.03 14004 1.850128
-12653.88 -1823.66 852.19 2.20 5.84 0.04274 835.73 3119 1.843243
-4398.25 -6027.89 7635.71 1.05 4.57 0.03561 399.59 13130 1.821765
-6049.90 6042.31 941.29 1.10 4.64 0.02869 417.55 12618 1.818870
-4307.94 4839.45 3373.04 9.96 9.67 0.02437 3787.34 17579 1.796133
-2253.28 -3433.33 4197.47 0.61 3.82 0.01959 233.35 12224 1.771055
-4838.50 -9261.65 2649.04 1.31 4.92 0.03596 499.09 18944 1.768026
-3767.90 -590.39 5315.20 3.31 6.70 0.02182 1260.57 11653 1.759041
-7375.86 -7951.62 4310.64 0.85 4.27 0.03893 325.08 18785 1.757373
-10168.33 5531.09 4240.18 12.00 10.29 0.04112 4564.25 19729 1.754942
-8971.78 -4473.63 684.13 0.67 3.94 0.03352 255.62 7469 1.722919
-8598.35 -9982.95 1402.17 0.59 3.77 0.04420 224.11 14297 1.721453
-5073.39 -10135.59 5016.31 1.36 4.98 0.04134 516.77 14225 1.675430
-4499.44 8480.15 8413.67 2.33 5.96 0.04258 885.61 1855 1.661001
-6251.67 -6298.65 1156.17 2.18 5.83 0.02985 829.74 14042 1.652848
-6876.80 -2733.71 5513.71 34.12 14.58 0.03078 12976.17 13744 1.641512
-5102.15 -9597.46 4396.34 0.64 3.87 0.03911 242.24 17795 1.635044
-3451.85 3447.76 7333.29 4.66 7.51 0.02938 1773.41 2576 1.633859
-7395.43 -1741.57 2968.10 44.40 15.92 0.02721 16886.19 19968 1.623524
-6346.77 -6867.54 726.30 0.91 4.35 0.03129 345.93 8120 1.614731
-5206.17 -6501.50 4989.29 1.36 4.98 0.03239 518.31 14979 1.601466
-5409.13 -653.98 10330.03 6.18 8.25 0.03896 2351.50 7337 1.597834
-7818.44 6664.21 3696.67 2.81 6.35 0.03642 1070.48 19682 1.577652
-4211.11 5500.88 10138.72 5.21 7.79 0.04096 1979.88 16321 1.572942
-5727.12 6326.29 2797.00 3.20 6.62 0.02995 1217.89 19580 1.572649
-6042.96 -2036.84 10962.29 3.24 6.65 0.04230 1232.63 7222 1.572449
-9455.66 -4053.63 333.98 0.73 4.04 0.03433 276.38 393 1.547590
-7221.90 8739.14 4125.95 3.75 6.98 0.04024 1425.75 19470 1.540329
-6886.96 294.39 3289.57 7.04 8.61 0.02548 2676.40 19668 1.525106
-6535.92 4290.32 1792.09 8.83 9.29 0.02676 3357.12 6021 1.524577
-4092.65 -8600.36 5756.98 38.04 15.12 0.03712 14465.63 15151 1.516789
-6942.66 11079.19 3501.77 0.58 3.75 0.04515 221.67 19358 1.512914
-5200.62 4807.55 9809.76 5.03 7.70 0.04036 1914.76 5688 1.511719
-5872.62 -5566.06 2417.88 13.12 10.60 0.02817 4987.84 19951 1.509197
-6424.30 -9194.62 4699.60 0.72 4.04 0.04057 275.51 18880 1.508221
-10713.11 -5666.07 3148.31 0.57 3.73 0.04177 217.04 15294 1.507466
-11207.82 6534.57 1810.24 7.23 8.69 0.04369 2748.55 12550 1.507046
-6881.76 -1642.76 220.88 1.20 4.77 0.02361 455.46 3179 1.496890
-8092.99 4043.85 7463.09 26.99 13.48 0.03912 10265.94 13554 1.496061
-5320.17 2827.40 1760.14 7.79 8.91 0.02094 2962.70 20736 1.491394
-6106.31 -1577.61 7622.58 0.69 3.97 0.03300 262.40 11366 1.479447
-7553.04 -850.00 -58.21 0.48 3.51 0.02535 180.65 605 1.478976
-6568.34 1813.73 11054.87 8.95 9.33 0.04332 3404.71 10156 1.478720
-3122.01 2745.68 6472.04 0.61 3.82 0.02566 233.73 1911 1.471258
-5922.82 4635.49 10439.60 1.43 5.06 0.04292 542.08 5295 1.470009
-4556.85 -6266.73 2279.82 3.68 6.94 0.02694 1400.05 20082 1.455345
-5072.23 -3615.25 4973.02 0.53 3.64 0.02659 202.84 14991 1.454391
-8835.55 5687.60 2812.72 16.50 11.44 0.03628 6273.80 20759 1.454054
-8429.77 5509.67 7796.31 2.10 5.75 0.04248 797.13 12656 1.447068
-5903.31 -5121.04 5893.15 0.48 3.51 0.03265 181.82 15031 1.444903
-7219.41 9216.44 7604.92 1.45 5.09 0.04657 552.31 17737 1.433968
-6432.37 10997.31 3987.74 0.54 3.66 0.04453 205.34 19247 1.432100
-8373.74 -6069.99 8159.87 1.08 4.61 0.04394 410.42 13977 1.429939
-6385.06 -4994.24 6124.78 1.08 4.61 0.03389 411.68 14000 1.425921
-4545.67 6769.39 3046.52 6.48 8.38 0.02904 2463.33 17667 1.423862
-8625.20 7810.92 6789.10 13.70 10.75 0.04494 5208.60 12965 1.422207
-2767.87 -9743.79 4640.06 0.63 3.85 0.03716 238.27 15221 1.414700
-3612.83 -7759.05 3749.01 1.96 5.63 0.03117 746.17 15407 1.406553
-6924.74 -9426.48 4941.20 0.56 3.71 0.04235 213.46 18523 1.404207
-7269.04 -235.76 6498.49 21.77 12.55 0.03253 8277.11 13742 1.393773
-6155.17 -363.89 449.74 1.41 5.04 0.02062 536.54 3586 1.393237
-10798.96 -8924.49 2834.46 0.72 4.03 0.04768 275.06 14067 1.386232
-6287.40 9820.15 4439.08 11.26 10.07 0.04162 4281.85 17757 1.385199
-4920.13 6299.44 11335.28 2.99 6.48 0.04627 1137.80 16067 1.378009
-10277.31 4636.80 2334.65 25.04 13.15 0.03841 9522.19 13697 1.372559
-3355.61 -6533.00 5066.52 0.62 3.84 0.02976 236.29 15204 1.360745
-2181.56 -7550.38 5149.26 0.95 4.42 0.03134 360.81 12228 1.359641
-8017.11 5541.65 8590.53 0.66 3.92 0.04334 251.46 12518 1.354776
-10078.33 -3139.91 6365.94 31.43 14.18 0.04112 11951.81 18401 1.354610
-7329.55 9697.99 3938.08 2.32 5.95 0.04262 881.48 19384 1.336500
-6546.06 1499.72 1929.71 10.27 9.77 0.02331 3905.75 12880 1.333300
-11625.75 2926.08 1001.56 1.35 4.97 0.04013 512.86 13750 1.327509
-2399.85 -6206.88 5249.33 1.99 5.66 0.02827 758.10 18467 1.308602
-8368.55 -511.52 4718.50 11.40 10.11 0.03209 4334.39 18344 1.308425
-2691.83 -726.64 1494.62 9.49 9.52 0.01055 3609.52 18749 1.307566
-4423.06 7625.92 8830.66 3.23 6.64 0.04162 1228.08 2548 1.299533
-4817.05 1741.08 6473.55 13.07 10.59 0.02754 4970.95 10366 1.293353
-6895.65 -1120.97 496.72 1.07 4.59 0.02336 405.78 7519 1.291039
-6645.39 5026.96 5206.21 2.66 6.23 0.03277 1011.01 12983 1.290999
-5618.68 3866.46 12238.96 0.93 4.38 0.04674 352.40 2685 1.290368
-6822.77 -441.41 853.17 0.82 4.20 0.02298 311.26 7549 1.288651
-3586.51 5905.78 6567.27 1.51 5.15 0.03180 573.35 5283 1.278000
-4470.24 -8488.30 2549.25 0.90 4.35 0.03311 344.00 18960 1.271932
-2933.10 -7872.02 6545.85 2.13 5.78 0.03552 810.84 12322 1.255813
-5817.01 -10968.49 3019.56 1.98 5.65 0.04262 753.94 18972 1.255749
-5177.24 -5217.42 5326.06 1.29 4.89 0.03028 490.67 15055 1.253833
-4664.14 -7814.43 7974.63 2.87 6.38 0.04036 1090.04 13173 1.247570
-8151.27 6212.11 6624.71 3.49 6.82 0.04071 1326.06 13117 1.246907
-8030.09 -3402.81 2356.00 22.53 12.69 0.03013 8568.20 13870 1.246739
-4450.44 7595.45 7976.14 2.58 6.17 0.03962 981.55 5781 1.242549
-5496.45 714.18 7621.54 8.36 9.12 0.03143 3178.91 10343 1.238764
-9150.71 -7917.88 4695.93 1.23 4.81 0.04330 466.88 18908 1.233914
-4952.80 -1001.25 1895.00 24.62 13.07 0.01800 9362.95 20035 1.228871
-5977.78 -7773.10 1155.95 0.98 4.46 0.03294 371.45 14363 1.225308
-6938.18 -546.03 10062.32 5.20 7.79 0.04081 1978.21 11971 1.223252
-7033.97 -5505.92 4263.42 2.78 6.32 0.03302 1057.93 19915 1.222880
-8881.15 3085.66 8677.84 8.89 9.31 0.04268 3381.26 13469 1.218535
-8029.39 -3497.01 3289.05 9.94 9.66 0.03121 3781.27 20017 1.212005
-6601.37 -4888.28 3655.91 1.30 4.91 0.02999 496.02 18729 1.210302
-8907.42 2839.41 1435.47 0.55 3.69 0.03155 210.22 11842 1.210271
-5144.81 -1612.34 3771.04 6.03 8.18 0.02195 2294.53 17551 1.207201
-5324.82 5052.68 11833.35 1.12 4.67 0.04645 426.02 2412 1.207084
-10219.34 -8501.08 3849.31 1.25 4.84 0.04616 474.10 20209 1.205934
-4464.06 1671.42 5090.03 1.39 5.01 0.02326 526.71 11908 1.204543
-5170.32 8249.04 9440.75 1.64 5.30 0.04524 622.78 1878 1.195398
-4789.70 -5567.18 8867.30 4.99 7.68 0.03841 1898.67 12235 1.191978
-8382.47 3396.17 1664.31 2.78 6.32 0.03068 1057.83 12645 1.177487
-7913.40 1298.26 4737.90 7.98 8.98 0.03107 3033.91 18099 1.175940
-4248.56 873.29 5765.76 3.49 6.81 0.02407 1325.73 10367 1.167346
-8339.83 -6154.93 2475.66 8.06 9.01 0.03555 3064.77 15359 1.164650
-2663.75 3678.60 1631.00 1.35 4.97 0.01610 513.62 19241 1.164365
-5578.33 -2185.67 9980.21 1.48 5.12 0.03883 562.61 13265 1.164322
-4330.96 -9719.86 4521.62 1.14 4.69 0.03857 433.08 15529 1.164315
-5433.02 8770.84 3050.48 1.12 4.67 0.03589 425.87 19637 1.158280
-4648.39 5754.46 3011.13 0.83 4.22 0.02664 315.12 17882 1.156641
-5983.06 -8417.90 1458.53 1.57 5.22 0.03479 596.23 13668 1.153854
-11146.56 2799.82 6907.98 2.35 5.98 0.04473 893.77 18486 1.153010
-3978.13 -3136.90 6132.14 0.51 3.60 0.02653 194.80 12074 1.152053
-5963.41 8998.42 3513.45 2.21 5.85 0.03787 840.01 19206 1.151960
-7499.38 -10767.44 1623.81 4.55 7.45 0.04410 1731.83 14046 1.151017
-7250.75 5388.23 2179.92 10.66 9.89 0.03100 4054.79 19796 1.150652
-1582.59 -632.94 103.30 2.36 5.99 0.00570 898.39 986 1.149600
-7360.87 -780.54 11163.56 0.48 3.51 0.04468 181.44 10392 1.144457
-4213.38 -3976.90 7575.60 0.68 3.94 0.03181 256.82 12143 1.144085
-2815.34 -6460.70 5165.57 0.54 3.66 0.02915 205.53 12201 1.139372
-3978.37 5362.87 4377.07 4.37 7.35 0.02663 1663.29 11206 1.138189
-4445.12 -1577.68 6530.96 3.36 6.73 0.02687 1278.38 13218 1.129126
-4150.81 6177.51 8912.15 1.13 4.68 0.03873 429.50 2535 1.128739
-7128.84 3260.12 1773.15 10.68 9.90 0.02681 4062.87 17515 1.122016
-5968.49 -5069.50 10345.54 3.31 6.70 0.04328 1259.15 12142 1.121684
-7411.46 -6333.18 4621.16 1.02 4.52 0.03599 386.61 18415 1.120938
-4899.69 -6946.68 8331.00 1.38 5.00 0.03970 525.01 12212 1.115134
-11604.23 -3179.74 2227.62 20.34 12.27 0.04082 7736.49 13440 1.115039
-6967.71 -4380.60 4123.38 1.14 4.69 0.03071 431.88 18637 1.113937
-5402.11 4320.95 4353.89 0.96 4.43 0.02726 364.30 13121 1.112980
-10633.07 2552.60 1488.82 3.16 6.59 0.03681 1200.02 11795 1.110509
-7270.04 -8509.63 426.98 0.77 4.11 0.03736 291.83 3044 1.099190
-5628.94 672.71 1110.77 5.03 7.70 0.01927 1912.42 17543 1.098432
-3156.24 -8222.29 5816.02 2.39 6.01 0.03521 909.03 12208 1.095019
-6715.86 -75.96 11430.08 0.54 3.67 0.04422 207.03 11640 1.093353
-9433.35 -9089.61 2334.85 7.65 8.86 0.04439 2910.64 13662 1.082415
-6059.85 -5668.69 1349.86 0.54 3.66 0.02804 205.92 14041 1.082399
-11955.97 -4871.42 2365.56 1.19 4.77 0.04378 453.93 14359 1.082051
-4526.31 -10419.33 6091.84 6.09 8.21 0.04300 2315.37 15264 1.081554
-7011.66 10456.66 3518.82 1.51 5.16 0.04360 574.13 19483 1.080557
-6628.37 -8495.69 1052.95 0.94 4.41 0.03611 359.23 14672 1.074631
-6581.55 -4768.14 1435.53 0.67 3.93 0.02753 253.70 13689 1.073826
-5115.90 4652.22 8736.71 0.56 3.71 0.03717 213.73 5303 1.073508
-7113.10 -6856.44 1762.59 5.81 8.08 0.03348 2209.98 20115 1.069257
-5286.15 7797.11 8462.17 2.11 5.76 0.04224 800.89 5764 1.068788
-5523.24 8683.95 4928.59 1.23 4.81 0.03806 465.97 12535 1.067644
-10163.45 1530.07 1668.47 7.45 8.78 0.03473 2834.65 11757 1.066526
-13047.26 4278.02 1677.50 0.75 4.08 0.04614 284.78 11484 1.066153
-12882.45 -5445.10 -154.22 0.68 3.95 0.04665 258.31 174 1.065638
-7518.71 3972.27 10862.46 1.09 4.63 0.04602 416.18 10365 1.062839
-5357.71 -2415.99 5511.88 2.16 5.81 0.02688 819.73 13579 1.062560
-4038.54 -11161.73 5448.45 2.54 6.13 0.04357 964.33 13394 1.062538
-4313.70 2857.90 3909.37 0.67 3.93 0.02163 254.28 12742 1.060461
-8683.56 2605.32 2107.72 3.23 6.64 0.03105 1227.51 12873 1.050716
-7342.92 -5119.41 4682.85 1.07 4.60 0.03370 406.57 18387 1.050452
-8103.92 4374.08 5467.45 10.13 9.73 0.03572 3853.43 18138 1.050330
-2694.10 -7190.73 6023.19 1.74 5.41 0.03255 662.08 12267 1.045243
-5464.48 -478.45 11422.25 1.00 4.50 0.04227 380.53 5851 1.044771
-8296.74 578.82 1518.20 8.27 9.09 0.02820 3145.28 11850 1.039844
-6548.48 5085.92 2741.33 0.67 3.93 0.02913 254.29 19688 1.039593
-5789.61 1791.54 5483.47 3.26 6.66 0.02726 1238.41 13972 1.038607
-5621.12 5586.54 3748.48 8.33 9.11 0.02924 3166.38 12889 1.035540
-3620.50 -11795.23 5816.23 1.83 5.50 0.04550 696.43 15208 1.031851
-9804.70 -5275.12 4763.50 30.46 14.04 0.04039 11583.18 19817 1.031532
-6214.32 -319.74 7965.61 3.54 6.85 0.03372 1344.93 10767 1.030497
-4831.84 -249.96 8548.39 1.00 4.50 0.03276 381.14 11896 1.028482
-9738.85 -707.37 9863.36 1.79 5.46 0.04630 681.84 13511 1.028011
-4661.48 6263.23 10403.29 0.95 4.42 0.04339 360.80 2550 1.027799
-9326.98 379.19 6038.70 28.38 13.71 0.03708 10791.20 18178 1.019821
-7003.02 6315.42 1346.27 1.00 4.49 0.03177 379.98 12782 1.018601
-8194.14 6281.96 7201.07 0.48 3.52 0.04199 183.44 12655 1.016123
-8933.64 -675.63 8663.91 8.48 9.17 0.04157 3225.53 13528 1.015789
-4582.16 2319.87 1478.92 0.57 3.72 0.01783 214.98 20538 1.013808
-1485.14 130.47 964.73 6.70 8.47 0.00592 2549.18 19809 1.012775
-4039.67 -6546.00 5381.10 0.49 3.54 0.03131 185.20 13418 1.010825
-10538.76 2610.02 7662.23 2.72 6.27 0.04433 1033.03 17570 1.009751
-3497.83 -12512.21 5713.03 0.49 3.55 0.04734 187.15 15156 1.009017
-6176.26 11008.62 4392.77 0.53 3.64 0.04458 202.00 12887 1.003958
-6316.34 -2574.03 8348.95 8.47 9.16 0.03596 3220.33 11333 1.002951
